[35m[Appium][39m Welcome to Appium v1.21.0
[35m[Appium][39m Non-default server args:
[35m[Appium][39m   port: 59648
[35m[Appium][39m   loglevel: info
[35m[Appium][39m   tmpDir: C:\Users\NAFIH_~1\AppData\Local\Temp\\Katalon\Appium\Temp1628859812121
[35m[Appium][39m   chromedriverPort: 58737
[35m[Appium][39m Deprecated server args:
[35m[Appium][39m   [31m--chromedriver-port[39m => --default-capabilities
[35m[Appium][39m Default capabilities, which will be added to each request unless overridden by desired capabilities:
[35m[Appium][39m   chromedriverPort: 58737
[35m[Appium][39m Appium REST http interface listener started on 0.0.0.0:59648
[35m[HTTP][39m [37m-->[39m [37mGET[39m [37m/wd/hub/status[39m
[35m[HTTP][39m [90m{}[39m
[35m[HTTP][39m [37m<-- GET /wd/hub/status [39m[32m200[39m [90m13 ms - 68[39m
[35m[HTTP][39m [90m[39m
[35m[HTTP][39m [37m-->[39m [37mGET[39m [37m/wd/hub/status[39m
[35m[HTTP][39m [90m{}[39m
[35m[HTTP][39m [37m<-- GET /wd/hub/status [39m[32m200[39m [90m3 ms - 68[39m
[35m[HTTP][39m [90m[39m
[35m[HTTP][39m [37m-->[39m [37mPOST[39m [37m/wd/hub/session[39m
[35m[HTTP][39m [90m{"desiredCapabilities":{"app":"C:\\Users\\nafih_000\\Downloads\\foody.apk","noReset":true,"deviceName":"Xiaomi Redmi 4X (Android 7.1.2)","fullReset":false,"platform":"ANDROID","newCommandTimeout":1800,"platformVersion":"7.1.2","automationName":"uiautomator2","autoGrantPermissions":true,"platformName":"Android","udid":"a79485d7d140","systemPort":53453},"capabilities":{"firstMatch":[{"appium:app":"C:\\Users\\nafih_000\\Downloads\\foody.apk","appium:autoGrantPermissions":true,"appium:automationName":"uiautomator2","appium:deviceName":"Xiaomi Redmi 4X (Android 7.1.2)","appium:fullReset":false,"appium:newCommandTimeout":1800,"appium:noReset":true,"platform":"ANDROID","platformName":"android","appium:platformVersion":"7.1.2","appium:systemPort":53453,"appium:udid":"a79485d7d140"}]}}[39m
[35m[BaseDriver][39m The following capabilities are not standard capabilities and should have an extension prefix:
[35m[BaseDriver][39m   platform
[35m[BaseDriver][39m   chromedriverPort
[35m[Appium][39m Appium v1.21.0 creating new AndroidUiautomator2Driver (v1.65.0) session
[35m[BaseDriver][39m The following capabilities were provided, but are not recognized by Appium:
[35m[BaseDriver][39m   platform
[35m[BaseDriver][39m Session created with session id: b3c7497f-b106-4d65-9cd8-ec11edb95c3e
[35m[BaseDriver][39m Using local app 'C:\Users\nafih_000\Downloads\foody.apk'
[35m[ADB][39m Found 1 'build-tools' folders under 'C:\Users\nafih_000\.katalon\tools\android_sdk' (newest first):
[35m[ADB][39m     C:/Users/nafih_000/.katalon/tools/android_sdk/build-tools/29.0.3
[35m[ADB][39m Using 'adb.exe' from 'C:\Users\nafih_000\.katalon\tools\android_sdk\platform-tools\adb.exe'
[35m[AndroidDriver][39m Retrieving device list
[35m[AndroidDriver][39m Using device: a79485d7d140
[35m[ADB][39m Using 'adb.exe' from 'C:\Users\nafih_000\.katalon\tools\android_sdk\platform-tools\adb.exe'
[35m[ADB][39m Package name: 'com.foody.vn.activity'
[35m[ADB][39m Main activity name: 'com.foody.ui.activities.NewFlashActivity'
[35m[ADB][39m Using 'apksigner.jar' from 'C:\Users\nafih_000\.katalon\tools\android_sdk\build-tools\29.0.3\lib\apksigner.jar'
[35m[ADB][39m 'C:\Users\nafih_000\AppData\Roaming\npm\node_modules\appium\node_modules\appium-uiautomator2-server\apks\appium-uiautomator2-server-v4.21.1.apk' is signed with the default certificate
[35m[ADB][39m 'C:\Users\nafih_000\AppData\Roaming\npm\node_modules\appium\node_modules\appium-uiautomator2-server\apks\appium-uiautomator2-server-debug-androidTest.apk' is signed with the default certificate
[35m[UiAutomator2][39m Server packages are not going to be (re)installed
[35m[ADB][39m Adding packages ["io.appium.settings","io.appium.uiautomator2.server","io.appium.uiautomator2.server.test"] to Doze whitelist
[35m[ADB][39m 'C:\Users\nafih_000\Downloads\foody.apk' is signed with a non-default certificate
[35m[UiAutomator2][39m Starting UIAutomator2 server 4.21.1
[35m[UiAutomator2][39m Using UIAutomator2 server from 'C:\Users\nafih_000\AppData\Roaming\npm\node_modules\appium\node_modules\appium-uiautomator2-server\apks\appium-uiautomator2-server-v4.21.1.apk' and test from 'C:\Users\nafih_000\AppData\Roaming\npm\node_modules\appium\node_modules\appium-uiautomator2-server\apks\appium-uiautomator2-server-debug-androidTest.apk'
[35m[UiAutomator2][39m Waiting up to 30000ms for UiAutomator2 to be online...
[35m[WD Proxy][39m socket hang up
[35m[WD Proxy][39m socket hang up
[35m[WD Proxy][39m socket hang up
[35m[WD Proxy][39m socket hang up
[35m[WD Proxy][39m Determined the downstream protocol as 'W3C'
[35m[AndroidDriver][39m Screen already unlocked, doing nothing
[35m[UiAutomator2][39m Starting 'com.foody.vn.activity/com.foody.ui.activities.NewFlashActivity and waiting for 'com.foody.vn.activity/com.foody.ui.activities.NewFlashActivity'
[35m[Appium][39m New AndroidUiautomator2Driver session created successfully, session b3c7497f-b106-4d65-9cd8-ec11edb95c3e added to master session list
[35m[HTTP][39m [37m<-- POST /wd/hub/session [39m[32m200[39m [90m28504 ms - 1246[39m
[35m[HTTP][39m [90m[39m
[35m[HTTP][39m [37m-->[39m [37mGET[39m [37m/wd/hub/session/b3c7497f-b106-4d65-9cd8-ec11edb95c3e[39m
[35m[HTTP][39m [90m{}[39m
[35m[HTTP][39m [37m<-- GET /wd/hub/session/b3c7497f-b106-4d65-9cd8-ec11edb95c3e [39m[32m200[39m [90m13 ms - 1200[39m
[35m[HTTP][39m [90m[39m
[35m[HTTP][39m [37m-->[39m [37mGET[39m [37m/wd/hub/session/b3c7497f-b106-4d65-9cd8-ec11edb95c3e[39m
[35m[HTTP][39m [90m{}[39m
[35m[HTTP][39m [37m<-- GET /wd/hub/session/b3c7497f-b106-4d65-9cd8-ec11edb95c3e [39m[32m200[39m [90m15 ms - 1200[39m
[35m[HTTP][39m [90m[39m
[35m[HTTP][39m [37m-->[39m [37mGET[39m [37m/wd/hub/status[39m
[35m[HTTP][39m [90m{}[39m
[35m[HTTP][39m [37m<-- GET /wd/hub/status [39m[32m200[39m [90m2 ms - 68[39m
[35m[HTTP][39m [90m[39m
[35m[HTTP][39m [37m-->[39m [37mPOST[39m [37m/wd/hub/session/b3c7497f-b106-4d65-9cd8-ec11edb95c3e/timeouts[39m
[35m[HTTP][39m [90m{"implicit":60000}[39m
[35m[HTTP][39m [37m<-- POST /wd/hub/session/b3c7497f-b106-4d65-9cd8-ec11edb95c3e/timeouts [39m[32m200[39m [90m28 ms - 14[39m
[35m[HTTP][39m [90m[39m
[35m[HTTP][39m [37m-->[39m [37mGET[39m [37m/wd/hub/session/b3c7497f-b106-4d65-9cd8-ec11edb95c3e/source[39m
[35m[HTTP][39m [90m{}[39m
[35m[W3C (b3c7497f)][39m Driver proxy active, passing request on via HTTP proxy
[35m[WD Proxy][39m Replacing sessionId 629f354d-0a6c-43e0-a170-8152f4737667 with b3c7497f-b106-4d65-9cd8-ec11edb95c3e
[35m[HTTP][39m [37m<-- GET /wd/hub/session/b3c7497f-b106-4d65-9cd8-ec11edb95c3e/source [39m[32m200[39m [90m4112 ms - 4101[39m
[35m[HTTP][39m [90m[39m
[35m[HTTP][39m [37m-->[39m [37mGET[39m [37m/wd/hub/session/b3c7497f-b106-4d65-9cd8-ec11edb95c3e/screenshot[39m
[35m[HTTP][39m [90m{}[39m
[35m[HTTP][39m [37m<-- GET /wd/hub/session/b3c7497f-b106-4d65-9cd8-ec11edb95c3e/screenshot [39m[32m200[39m [90m681 ms - 52290[39m
[35m[HTTP][39m [90m[39m
